<?xml version="1.0" encoding="UTF-8"?>
<!-- Generated by org.testng.reporters.JUnitReportReporter -->
<testsuite hostname="LAPTOP-AOVIL64H" failures="0" tests="3" name="com.qa.testcases.TC_LoginTest_003" time="4.532" errors="0" timestamp="2024-03-16T14:10:00 IST" skipped="0">
  <testcase classname="com.qa.testcases.TC_LoginTest_003" name="test1" time="2.741"/>
  <system-out/>
  <testcase classname="com.qa.testcases.TC_LoginTest_003" name="test2" time="1.723"/>
  <system-out/>
  <testcase classname="com.qa.testcases.TC_LoginTest_003" name="validateLogin" time="0.068"/>
  <system-out/>
</testsuite> <!-- com.qa.testcases.TC_LoginTest_003 -->
