<?xml version="1.0" encoding="UTF-8"?>
<!-- Generated by org.testng.reporters.JUnitReportReporter -->
<testsuite hostname="LAPTOP-AOVIL64H" failures="0" tests="3" name="com.qa.testcases.TC_ValidateMainElements_005" time="2.943" errors="0" timestamp="2024-03-16T16:27:01 IST" skipped="0">
  <testcase classname="com.qa.testcases.TC_ValidateMainElements_005" name="test1" time="2.743"/>
  <system-out/>
  <testcase classname="com.qa.testcases.TC_ValidateMainElements_005" name="test2" time="0.177"/>
  <system-out/>
  <testcase classname="com.qa.testcases.TC_ValidateMainElements_005" name="test3" time="0.023"/>
  <system-out/>
</testsuite> <!-- com.qa.testcases.TC_ValidateMainElements_005 -->
