<?xml version="1.0" encoding="UTF-8"?>
<!-- Generated by org.testng.reporters.JUnitReportReporter -->
<testsuite hostname="LAPTOP-AOVIL64H" failures="0" tests="3" name="com.qa.testcases.TC_LinksVerifivation_004" time="5.475" errors="0" timestamp="2024-03-16T15:54:10 IST" skipped="0">
  <testcase classname="com.qa.testcases.TC_LinksVerifivation_004" name="test1" time="2.831"/>
  <system-out/>
  <testcase classname="com.qa.testcases.TC_LinksVerifivation_004" name="test2" time="1.157"/>
  <system-out/>
  <testcase classname="com.qa.testcases.TC_LinksVerifivation_004" name="test3" time="1.487"/>
  <system-out/>
</testsuite> <!-- com.qa.testcases.TC_LinksVerifivation_004 -->
