<?xml version="1.0" encoding="UTF-8"?>
<!-- Generated by org.testng.reporters.JUnitReportReporter -->
<testsuite hostname="LAPTOP-AOVIL64H" failures="0" tests="3" name="com.qa.testcases.TC_RegisterPage_002" time="6.837" errors="0" timestamp="2024-03-16T13:12:46 IST" skipped="0">
  <testcase classname="com.qa.testcases.TC_RegisterPage_002" name="test1" time="3.910"/>
  <system-out/>
  <testcase classname="com.qa.testcases.TC_RegisterPage_002" name="test2" time="2.818"/>
  <system-out/>
  <testcase classname="com.qa.testcases.TC_RegisterPage_002" name="validateRegistration" time="0.109"/>
  <system-out/>
</testsuite> <!-- com.qa.testcases.TC_RegisterPage_002 -->
