<?xml version="1.0" encoding="UTF-8"?>
<!-- Generated by org.testng.reporters.JUnitReportReporter -->
<testsuite hostname="LAPTOP-AOVIL64H" failures="0" tests="1" name="com.qa.testcases.TC_linkTest_001" time="1.837" errors="0" timestamp="2024-03-15T11:51:52 IST" skipped="0">
  <testcase classname="com.qa.testcases.TC_linkTest_001" name="linkTest" time="1.837"/>
  <system-out/>
</testsuite> <!-- com.qa.testcases.TC_linkTest_001 -->
