<?xml version="1.0" encoding="UTF-8"?>
<!-- Generated by org.testng.reporters.JUnitReportReporter -->
<testsuite hostname="LAPTOP-AOVIL64H" failures="0" tests="3" name="com.qa.testcases.TC_RegisterPage_002" time="8.459" errors="0" timestamp="2024-03-15T23:42:45 IST" skipped="0">
  <testcase classname="com.qa.testcases.TC_RegisterPage_002" name="test1" time="4.794"/>
  <system-out/>
  <testcase classname="com.qa.testcases.TC_RegisterPage_002" name="test2" time="3.604"/>
  <system-out/>
  <testcase classname="com.qa.testcases.TC_RegisterPage_002" name="validateRegistration" time="0.061"/>
  <system-out/>
</testsuite> <!-- com.qa.testcases.TC_RegisterPage_002 -->
